<?xml version="1.0" encoding="UTF-8"?>
<!-- Generated by org.testng.reporters.JUnitXMLReporter -->
<testsuite ignored="0" hostname="DESKTOP-KRTRA2U" failures="0" tests="1" name="Regression_Test" time="3.729" errors="0" timestamp="2022-12-16T13:14:38 IST">
  <testcase classname="com.myproject.testcases.LoginPageTestNewParam" name="@BeforeMethod setup" time="3.64">
    <failure type="java.lang.NullPointerException" message="Cannot invoke &amp;quot;java.util.Properties.getProperty(String)&amp;quot; because &amp;quot;com.myproject.base.BaseClassParam.prop&amp;quot; is null">
      <![CDATA[java.lang.NullPointerException: Cannot invoke "java.util.Properties.getProperty(String)" because "com.myproject.base.BaseClassParam.prop" is null
at com.myproject.base.BaseClassParam.launchApp(BaseClassParam.java:67)
at com.myproject.testcases.LoginPageTestNewParam.setup(LoginPageTestNewParam.java:32)
at java.base/java.util.ArrayList.forEach(ArrayList.java:1511)
... Removed 29 stack frames]]>
    </failure>
  </testcase> <!-- @BeforeMethod setup -->
  <testcase classname="com.myproject.testcases.LoginPageTestNewParam" name="@AfterMethod tearDown" time="-1.671176678726E9">
    <skipped/>
  </testcase> <!-- @AfterMethod tearDown -->
  <testcase classname="com.myproject.testcases.LoginPageTestNewParam" name="VerifyFOlder" time="0.0">
    <skipped/>
  </testcase> <!-- VerifyFOlder -->
</testsuite> <!-- Regression_Test -->
