<?xml version="1.0" encoding="UTF-8"?>
<!-- Generated by org.testng.reporters.JUnitXMLReporter -->
<testsuite ignored="2" hostname="DESKTOP-KRTRA2U" failures="0" tests="0" time="0.016" errors="0" timestamp="2022-12-16T09:45:27 IST">
  <testcase classname="com.myproject.testcases.LoginPageTest" name="VerifyDraft" time="0.0">
    <ignored/>
  </testcase> <!-- VerifyDraft -->
  <testcase classname="com.myproject.testcases.LoginPageTest" name="VerifyFOlder" time="0.0">
    <ignored/>
  </testcase> <!-- VerifyFOlder -->
</testsuite>
