<?xml version="1.0" encoding="UTF-8"?>
<!-- Generated by org.testng.reporters.JUnitXMLReporter -->
<testsuite ignored="8" hostname="DESKTOP-KRTRA2U" failures="0" tests="1" name="Test" time="0.076" errors="0" timestamp="2022-12-16T12:20:09 IST">
  <testcase classname="com.myproject.testcases.test2" name="testtwoB" time="0.016"/>
  <testcase classname="com.myproject.testcases.test1" name="testoneC" time="0.0">
    <ignored/>
  </testcase> <!-- testoneC -->
  <testcase classname="com.myproject.testcases.test1" name="testoneA" time="0.0">
    <ignored/>
  </testcase> <!-- testoneA -->
  <testcase classname="com.myproject.testcases.test1" name="testoneB" time="0.0">
    <ignored/>
  </testcase> <!-- testoneB -->
  <testcase classname="com.myproject.testcases.test2" name="testtwoC" time="0.0">
    <ignored/>
  </testcase> <!-- testtwoC -->
  <testcase classname="com.myproject.testcases.test3" name="testthreeB" time="0.0">
    <ignored/>
  </testcase> <!-- testthreeB -->
  <testcase classname="com.myproject.testcases.test3" name="testthreeC" time="0.0">
    <ignored/>
  </testcase> <!-- testthreeC -->
  <testcase classname="com.myproject.testcases.test3" name="testthreeA" time="0.0">
    <ignored/>
  </testcase> <!-- testthreeA -->
  <testcase classname="com.myproject.testcases.test2" name="testtwoA" time="0.0">
    <ignored/>
  </testcase> <!-- testtwoA -->
</testsuite> <!-- Test -->
